<?xml version="1.0" encoding="UTF-8"?>
<!-- Generated by org.testng.reporters.JUnitReportReporter -->
<testsuite hostname="MONO-HYD-LAP-12" name="module2_ActionClass.DragAndDropByClickAndHold" tests="1" failures="0" timestamp="12 Jun 2019 07:56:59 GMT" time="42.560" errors="0">
  <testcase name="f2" time="42.560" classname="module2_ActionClass.DragAndDropByClickAndHold"/>
</testsuite> <!-- module2_ActionClass.DragAndDropByClickAndHold -->
