<?xml version="1.0" encoding="UTF-8"?>
<!-- Generated by org.testng.reporters.JUnitReportReporter -->
<testsuite hostname="MONO-HYD-LAP-12" name="module2_ActionClass.RightClickExample" tests="2" failures="0" timestamp="13 Jun 2019 06:03:44 GMT" time="32.232" errors="0">
  <testcase name="f1" time="16.501" classname="module2_ActionClass.RightClickExample"/>
  <testcase name="f2" time="15.731" classname="module2_ActionClass.RightClickExample"/>
</testsuite> <!-- module2_ActionClass.RightClickExample -->
