<?xml version="1.0" encoding="UTF-8"?>
<!-- Generated by org.testng.reporters.JUnitReportReporter -->
<testsuite hostname="MONO-HYD-LAP-12" name="topic_14_Module3_HandleUntrustedCerificates.HandleUntrustedCertificates_FireFoxBrowser" tests="1" failures="0" timestamp="7 Nov 2019 15:28:40 GMT" time="8.919" errors="0">
  <testcase name="handleUntrustedCerificatesFireFoxBrowser" time="8.919" classname="topic_14_Module3_HandleUntrustedCerificates.HandleUntrustedCertificates_FireFoxBrowser"/>
</testsuite> <!-- topic_14_Module3_HandleUntrustedCerificates.HandleUntrustedCertificates_FireFoxBrowser -->
