<?xml version="1.0" encoding="UTF-8"?>
<!-- Generated by org.testng.reporters.JUnitReportReporter -->
<testsuite hostname="MONO-HYD-LAP-12" name="Module4_InvalidStateElementException.ExmapleTextBox" tests="1" failures="0" timestamp="18 Oct 2019 03:12:07 GMT" time="16.249" errors="0">
  <testcase name="f" time="16.249" classname="Module4_InvalidStateElementException.ExmapleTextBox"/>
</testsuite> <!-- Module4_InvalidStateElementException.ExmapleTextBox -->
