<?xml version="1.0" encoding="UTF-8"?>
<!-- Generated by org.testng.reporters.JUnitReportReporter -->
<testsuite hostname="MONO-HYD-LAP-12" name="Module4_HighlightOnElement.HighLightTextBox" tests="1" failures="0" timestamp="16 Sep 2019 12:56:52 GMT" time="12.316" errors="0">
  <testcase name="f" time="12.316" classname="Module4_HighlightOnElement.HighLightTextBox"/>
</testsuite> <!-- Module4_HighlightOnElement.HighLightTextBox -->
