<?xml version="1.0" encoding="UTF-8"?>
<!-- Generated by org.testng.reporters.JUnitReportReporter -->
<testsuite hostname="MONO-HYD-LAP-12" name="Module4_FindAllBrokenLinks.FindAllBrokenLinks" tests="1" failures="0" timestamp="20 Jul 2019 13:26:03 GMT" time="43.088" errors="0">
  <testcase name="f" time="43.088" classname="Module4_FindAllBrokenLinks.FindAllBrokenLinks"/>
</testsuite> <!-- Module4_FindAllBrokenLinks.FindAllBrokenLinks -->
