<?xml version="1.0" encoding="UTF-8"?>
<!-- Generated by org.testng.reporters.JUnitReportReporter -->
<testsuite hostname="MONO-HYD-LAP-12" name="module2_ActionClass.KeyDownExample" tests="1" failures="0" timestamp="10 Sep 2019 10:11:57 GMT" time="14.968" errors="0">
  <testcase name="f" time="14.968" classname="module2_ActionClass.KeyDownExample"/>
</testsuite> <!-- module2_ActionClass.KeyDownExample -->
